2020/12/10 20:05:09 action=doRequest endpoint=https://api.bitflyer.com/v1/me/sendchildorder
2020/12/10 20:07:11 action=doRequest endpoint=https://api.bitflyer.com/v1/me/sendchildorder
2020/12/10 20:08:16 action=doRequest endpoint=https://api.bitflyer.com/v1/me/sendchildorder
2020/12/10 20:08:36 action=doRequest endpoint=https://api.bitflyer.com/v1/me/sendchildorder
2020/12/10 20:09:00 action=doRequest endpoint=https://api.bitflyer.com/v1/me/sendchildorder
2020/12/13 16:06:12 connecting to wss://ws.lightstream.bitflyer.com/json-rpc
2020/12/13 16:06:13 action=StreamIngestionData, {BTC_USD 2020-12-13T07:06:13.671261Z 3094410 19077.49 19077.5 3.4006 0.01 74.59206753 52.31369965 19070.67 45.68315019 45.68315019}
2020/12/13 16:07:22 connecting to wss://ws.lightstream.bitflyer.com/json-rpc
2020/12/13 16:07:25 action=StreamIngestionData, {BTC_USD 2020-12-13T07:07:24.9059685Z 3094637 19092.02 19095.2 3 0.4 75.82546663 50.16309965 19070.67 45.68315019 45.68315019}
2020/12/13 16:16:09 connecting to wss://ws.lightstream.bitflyer.com/json-rpc
2020/12/13 16:16:11 action=StreamIngestionData, {BTC_USD 2020-12-13T07:16:11.3195422Z 3097281 19088.29 19088.3 3 0.17 75.52076283 46.82543635 19084.6 46.04819248 46.04819248}
2020/12/13 16:18:37 connecting to wss://ws.lightstream.bitflyer.com/json-rpc
2020/12/13 16:18:39 action=StreamIngestionData, {BTC_USD 2020-12-13T07:18:39.9159396Z 3097637 19083.98 19091.49 3 0.4006 74.88968723 50.85483635 19092.42 46.04819248 46.04819248}
2020/12/13 16:23:32 connecting to wss://ws.lightstream.bitflyer.com/json-rpc
2020/12/13 16:23:34 action=StreamIngestionData, {BTC_USD 2020-12-13T07:23:34.2212218Z 3099097 19136.69 19136.7 0.8012 0.2 70.95142294 48.83272585 19114.19 46.05819248 46.05819248}
2020/12/13 16:23:34 action=StreamIngestionData, {BTC_USD 2020-12-13T07:23:34.7871192Z 3099098 19136.69 19136.7 0.8012 0.2 70.95142294 51.83272585 19114.19 46.05819248 46.05819248}
2020/12/13 16:23:35 action=StreamIngestionData, {BTC_USD 2020-12-13T07:23:35.7568085Z 3099102 19136.69 19136.7 3.4006 0.2 73.55082294 51.83272585 19114.19 46.05819248 46.05819248}
2020/12/13 16:23:36 action=StreamIngestionData, {BTC_USD 2020-12-13T07:23:36.3178982Z 3099103 19136.69 19136.7 3.4006 0.2 73.95142294 51.83272585 19114.19 46.05819248 46.05819248}
2020/12/13 16:23:36 action=StreamIngestionData, {BTC_USD 2020-12-13T07:23:36.8069144Z 3099128 19136.69 19136.7 3.4006 0.2 70.73082294 49.01272585 19114.19 46.05819248 46.05819248}
2020/12/13 16:23:37 action=StreamIngestionData, {BTC_USD 2020-12-13T07:23:37.4433096Z 3099137 19136.69 19136.7 3.4006 0.2 71.79082294 50.04272585 19114.19 46.05819248 46.05819248}
2020/12/13 16:23:38 action=StreamIngestionData, {BTC_USD 2020-12-13T07:23:37.8363148Z 3099138 19136.69 19136.7 3.4006 0.2 71.79082294 49.95272585 19114.19 46.05819248 46.05819248}
2020/12/13 16:23:38 action=StreamIngestionData, {BTC_USD 2020-12-13T07:23:38.5403947Z 3099144 19136.69 19136.7 3 0.2 71.79082294 47.04272585 19114.19 46.05819248 46.05819248}
2020/12/13 16:23:39 action=StreamIngestionData, {BTC_USD 2020-12-13T07:23:39.4951183Z 3099151 19136.69 19149.43 3 0.4006 72.51082294 46.84272585 19114.19 46.05819248 46.05819248}
2020/12/13 16:23:40 action=StreamIngestionData, {BTC_USD 2020-12-13T07:23:40.0381578Z 3099171 19136.69 19149.43 3 0.4006 73.74966194 44.35272585 19114.19 46.05819248 46.05819248}
2020/12/13 16:23:40 action=StreamIngestionData, {BTC_USD 2020-12-13T07:23:40.5706511Z 3099195 19132.87 19139.21 0.03 0.4006 73.71146194 49.14272585 19114.19 46.05819248 46.05819248}
2020/12/13 16:23:41 action=StreamIngestionData, {BTC_USD 2020-12-13T07:23:41.2735019Z 3099199 19132.87 19139.21 0.03 0.4006 73.71146194 48.80272585 19114.19 46.05819248 46.05819248}
2020/12/13 16:23:42 action=StreamIngestionData, {BTC_USD 2020-12-13T07:23:41.9924823Z 3099204 19132.87 19142.08 0.03 0.4006 73.71146194 48.74212585 19114.19 46.05819248 46.05819248}
2020/12/13 16:23:42 action=StreamIngestionData, {BTC_USD 2020-12-13T07:23:42.5562643Z 3099209 19132.87 19142.08 0.03 0.4006 72.77549744 49.05272585 19114.19 46.05819248 46.05819248}
2020/12/13 16:23:43 action=StreamIngestionData, {BTC_USD 2020-12-13T07:23:43.0721318Z 3099216 19138.98 19142.08 3 0.4006 76.61494884 48.89272585 19114.19 46.05819248 46.05819248}
2020/12/13 16:23:43 action=StreamIngestionData, {BTC_USD 2020-12-13T07:23:43.6359235Z 3099221 19138.98 19142.08 3 0.4006 76.64494884 46.14272585 19114.19 46.05819248 46.05819248}
2020/12/13 16:23:44 action=StreamIngestionData, {BTC_USD 2020-12-13T07:23:44.793908Z 3099222 19138.98 19142.08 3 0.4006 76.64494884 49.14272585 19114.19 46.05819248 46.05819248}
2020/12/13 16:23:45 action=StreamIngestionData, {BTC_USD 2020-12-13T07:23:45.8598245Z 3099223 19138.98 19142.08 3 0.4006 72.84490984 49.14272585 19114.19 46.05819248 46.05819248}
2020/12/13 16:23:46 action=StreamIngestionData, {BTC_USD 2020-12-13T07:23:46.4808671Z 3099228 19138.98 19143.44 3 0.4006 76.80561054 49.14272585 19114.19 46.05819248 46.05819248}
2020/12/13 16:23:52 action=StreamIngestionData, {BTC_USD 2020-12-13T07:23:52.4676353Z 3099229 19138.98 19143.44 3 0.4006 76.40501054 49.14272585 19114.19 46.05819248 46.05819248}
2020/12/13 16:23:53 action=StreamIngestionData, {BTC_USD 2020-12-13T07:23:53.6419539Z 3099245 19136.73 19148.54 0.03 0.4006 72.20625544 44.45212585 19114.19 46.05819248 46.05819248}
2020/12/13 16:23:54 action=StreamIngestionData, {BTC_USD 2020-12-13T07:23:54.2563056Z 3099258 19136.73 19148.54 0.03 0.4006 73.26625544 45.74212585 19114.19 46.05819248 46.05819248}
2020/12/13 16:23:55 action=StreamIngestionData, {BTC_USD 2020-12-13T07:23:54.9975633Z 3099266 19142.83 19148.54 3 0.4006 76.81625544 49.14272585 19114.19 46.05819248 46.05819248}
2020/12/13 16:23:55 action=StreamIngestionData, {BTC_USD 2020-12-13T07:23:55.6551432Z 3099267 19142.83 19148.54 3 0.4006 77.83161104 49.14272585 19114.19 46.05819248 46.05819248}
2020/12/13 16:23:57 action=StreamIngestionData, {BTC_USD 2020-12-13T07:23:57.8307627Z 3099270 19136.73 19148.54 0.03 0.4006 73.55091474 49.14272585 19114.19 46.05819248 46.05819248}
2020/12/13 16:23:58 action=StreamIngestionData, {BTC_USD 2020-12-13T07:23:58.564375Z 3099271 19136.73 19148.54 0.03 0.4006 73.95151474 49.14272585 19114.19 46.05819248 46.05819248}
2020/12/13 16:23:59 action=StreamIngestionData, {BTC_USD 2020-12-13T07:23:59.1095407Z 3099273 19140.65 19146.4 3 0.2 76.95151474 49.34272585 19114.19 46.05819248 46.05819248}
2020/12/13 16:24:00 action=StreamIngestionData, {BTC_USD 2020-12-13T07:24:00.1410876Z 3099302 19124.8 19146.4 0.4006 0.2 72.33031474 45.66272585 19114.19 46.05819248 46.05819248}
2020/12/13 16:24:00 action=StreamIngestionData, {BTC_USD 2020-12-13T07:24:00.870035Z 3099318 19132.37 19137.4 0.03 0.4006 73.90619964 46.31272585 19114.19 46.05819248 46.05819248}
2020/12/13 16:24:01 action=StreamIngestionData, {BTC_USD 2020-12-13T07:24:01.5808112Z 3099322 19132.37 19140.27 0.03 0.4006 76.90619964 48.76212585 19114.19 46.05819248 46.05819248}
2020/12/13 16:24:02 action=StreamIngestionData, {BTC_USD 2020-12-13T07:24:02.1424876Z 3099338 19121.51 19140.27 0.4006 0.4006 72.56619964 47.33212585 19114.19 46.05819248 46.05819248}
2020/12/13 16:24:02 action=StreamIngestionData, {BTC_USD 2020-12-13T07:24:02.7248772Z 3099352 19128.32 19135.85 0.03 0.4006 73.75619964 49.09272585 19114.19 46.05819248 46.05819248}
2020/12/13 16:24:03 action=StreamIngestionData, {BTC_USD 2020-12-13T07:24:03.2999357Z 3099355 19128.32 19135.85 0.03 0.4006 73.90619964 48.79272585 19114.19 46.05819248 46.05819248}
2020/12/13 16:24:03 action=StreamIngestionData, {BTC_USD 2020-12-13T07:24:03.8190008Z 3099359 19128.32 19140.27 0.03 0.4006 76.90619964 48.95212585 19114.19 46.05819248 46.05819248}
2020/12/13 16:24:04 action=StreamIngestionData, {BTC_USD 2020-12-13T07:24:04.5816969Z 3099360 19128.32 19135.85 0.03 0.4006 76.90619964 49.35272585 19114.19 46.05819248 46.05819248}
2020/12/13 16:24:07 action=StreamIngestionData, {BTC_USD 2020-12-13T07:24:07.1212452Z 3099362 19128.32 19135.85 0.03 0.4006 76.90619964 49.17272585 19114.19 46.05819248 46.05819248}
2020/12/13 16:24:08 action=StreamIngestionData, {BTC_USD 2020-12-13T07:24:08.7292998Z 3099366 19128.32 19135.85 0.03 0.4006 76.10499964 49.35272585 19114.19 46.05819248 46.05819248}
2020/12/13 16:24:10 action=StreamIngestionData, {BTC_USD 2020-12-13T07:24:10.406465Z 3099367 19128.32 19135.85 0.03 0.4006 76.10499964 49.35272585 19114.19 46.05819248 46.05819248}
2020/12/13 16:24:11 action=StreamIngestionData, {BTC_USD 2020-12-13T07:24:11.4920331Z 3099374 19128.32 19135.85 0.03 0.4006 75.08633994 49.75272585 19114.19 46.05819248 46.05819248}
2020/12/13 16:24:12 action=StreamIngestionData, {BTC_USD 2020-12-13T07:24:12.59166Z 3099376 19128.32 19135.85 0.03 0.4006 77.26344454 49.75272585 19114.19 46.05819248 46.05819248}
2020/12/13 16:24:13 action=StreamIngestionData, {BTC_USD 2020-12-13T07:24:13.4293156Z 3099381 19128.32 19140.27 0.03 0.4006 77.26344454 45.77152585 19114.19 46.05819248 46.05819248}
2020/12/13 16:24:14 action=StreamIngestionData, {BTC_USD 2020-12-13T07:24:13.996488Z 3099384 19128.32 19140.27 0.03 0.4006 77.26344454 48.95152585 19114.19 46.05819248 46.05819248}
2020/12/13 16:24:14 action=StreamIngestionData, {BTC_USD 2020-12-13T07:24:14.6708393Z 3099385 19128.32 19136.28 0.03 0.4006 77.26344454 49.35212585 19114.19 46.05819248 46.05819248}
2020/12/13 16:24:16 action=StreamIngestionData, {BTC_USD 2020-12-13T07:24:16.6870511Z 3099388 19128.32 19140.27 0.03 0.4006 77.26344454 49.75272585 19114.19 46.05819248 46.05819248}
2020/12/13 16:24:18 action=StreamIngestionData, {BTC_USD 2020-12-13T07:24:18.5971285Z 3099394 19129.75 19142.02 3 0.4006 76.86284454 45.95152585 19114.19 46.05819248 46.05819248}
2020/12/13 16:24:19 action=StreamIngestionData, {BTC_USD 2020-12-13T07:24:19.1810164Z 3099402 19128.32 19141.6 0.03 0.4006 74.26344454 45.80212585 19114.19 46.05819248 46.05819248}
2020/12/13 16:24:20 action=StreamIngestionData, {BTC_USD 2020-12-13T07:24:19.8876286Z 3099405 19121.5 19141.6 0.4006 0.4006 74.14344454 46.35212585 19114.19 46.05819248 46.05819248}
2020/12/13 16:24:20 action=StreamIngestionData, {BTC_USD 2020-12-13T07:24:20.4851662Z 3099418 19136.66 19141.6 3 0.4006 75.54344454 45.29212585 19114.19 46.05819248 46.05819248}
2020/12/13 16:24:21 action=StreamIngestionData, {BTC_USD 2020-12-13T07:24:21.1331174Z 3099436 19136.66 19141.6 3 0.4006 76.77284454 49.75272585 19114.19 46.05819248 46.05819248}
2020/12/13 16:24:22 action=StreamIngestionData, {BTC_USD 2020-12-13T07:24:21.9044612Z 3099438 19136.66 19141.6 3 0.4006 76.76284454 49.75272585 19114.19 46.05819248 46.05819248}
2020/12/13 16:24:22 action=StreamIngestionData, {BTC_USD 2020-12-13T07:24:22.5788117Z 3099439 19136.66 19141.6 3 0.4006 77.16344454 49.75272585 19114.19 46.05819248 46.05819248}
2020/12/13 16:24:24 action=StreamIngestionData, {BTC_USD 2020-12-13T07:24:24.0922042Z 3099441 19132.84 19141.6 0.03 0.4006 74.16344454 46.75272585 19114.19 46.05819248 46.05819248}
2020/12/13 16:24:25 action=StreamIngestionData, {BTC_USD 2020-12-13T07:24:25.288106Z 3099464 19128.52 19141.6 0.03 0.4006 73.74344454 46.28212585 19114.19 46.05819248 46.05819248}
2020/12/13 16:24:26 action=StreamIngestionData, {BTC_USD 2020-12-13T07:24:26.0585454Z 3099471 19134.28 19141.6 3 0.4006 76.61344454 49.35212585 19114.19 46.05819248 46.05819248}
2020/12/13 16:24:26 action=StreamIngestionData, {BTC_USD 2020-12-13T07:24:26.7039771Z 3099476 19128.52 19141.6 0.03 0.4006 74.16344454 49.75272585 19114.19 46.05819248 46.05819248}
2020/12/13 16:24:28 action=StreamIngestionData, {BTC_USD 2020-12-13T07:24:28.3616688Z 3099479 19128.52 19141.6 0.03 0.4006 76.76284454 46.75272585 19114.19 46.05819248 46.05819248}
2020/12/13 16:24:29 action=StreamIngestionData, {BTC_USD 2020-12-13T07:24:29.5431198Z 3099482 19128.52 19141.6 0.03 0.4006 73.20274384 49.75272585 19114.19 46.05819248 46.05819248}
2020/12/13 16:24:31 action=StreamIngestionData, {BTC_USD 2020-12-13T07:24:31.7383847Z 3099483 19128.52 19141.6 0.03 0.4006 70.20274384 49.75272585 19114.19 46.05819248 46.05819248}
2020/12/13 16:24:32 action=StreamIngestionData, {BTC_USD 2020-12-13T07:24:32.5822067Z 3099484 19128.52 19141.6 0.03 0.4006 73.20274384 49.75272585 19114.19 46.05819248 46.05819248}
2020/12/13 16:24:33 action=StreamIngestionData, {BTC_USD 2020-12-13T07:24:33.4166879Z 3099486 19128.52 19141.6 0.03 0.4006 73.20274384 49.75272585 19114.19 46.05819248 46.05819248}
2020/12/13 16:24:35 action=StreamIngestionData, {BTC_USD 2020-12-13T07:24:35.1092858Z 3099489 19128.52 19141.6 0.03 0.4006 70.11274384 46.75272585 19114.19 46.05819248 46.05819248}
2020/12/13 16:24:36 action=StreamIngestionData, {BTC_USD 2020-12-13T07:24:35.690188Z 3099490 19128.52 19141.6 0.03 0.4006 70.20274384 46.75272585 19114.19 46.05819248 46.05819248}
2020/12/13 16:24:36 action=StreamIngestionData, {BTC_USD 2020-12-13T07:24:36.3524679Z 3099504 19128.52 19141.6 0.03 0.4006 68.53274384 48.51272585 19114.19 46.05819248 46.05819248}
2020/12/13 16:24:36 action=StreamIngestionData, {BTC_USD 2020-12-13T07:24:36.9220169Z 3099511 19138.75 19141.6 3 0.4006 72.05274384 48.61272585 19114.19 46.05819248 46.05819248}
2020/12/13 16:24:38 action=StreamIngestionData, {BTC_USD 2020-12-13T07:24:37.9476411Z 3099524 19138.75 19141.6 3 0.4006 73.24274384 49.75272585 19114.19 46.05819248 46.05819248}
2020/12/13 16:24:39 action=StreamIngestionData, {BTC_USD 2020-12-13T07:24:39.1465399Z 3099528 19138.75 19141.6 3 0.4006 73.31274384 49.20272585 19114.19 46.05819248 46.05819248}
2020/12/13 16:24:41 action=StreamIngestionData, {BTC_USD 2020-12-13T07:24:40.9877905Z 3099530 19138.75 19141.6 3 0.4006 73.95050504 49.75272585 19114.19 46.05819248 46.05819248}
2020/12/13 16:24:43 action=StreamIngestionData, {BTC_USD 2020-12-13T07:24:43.5988885Z 3099532 19138.75 19141.6 3 0.4006 72.89046454 49.75272585 19114.19 46.05819248 46.05819248}
2020/12/13 16:24:44 action=StreamIngestionData, {BTC_USD 2020-12-13T07:24:44.2274377Z 3099533 19138.75 19141.6 3 0.4006 72.98046454 49.75272585 19114.19 46.05819248 46.05819248}
2020/12/13 16:24:45 action=StreamIngestionData, {BTC_USD 2020-12-13T07:24:45.5544948Z 3099534 19138.75 19141.6 3 0.4006 72.91046454 49.75272585 19114.19 46.05819248 46.05819248}
2020/12/13 16:24:46 action=StreamIngestionData, {BTC_USD 2020-12-13T07:24:46.1991925Z 3099539 19138.75 19141.6 2.99 0.4006 72.94046454 49.75272585 19138.75 46.06819248 46.06819248}
2020/12/13 16:24:46 action=StreamIngestionData, {BTC_USD 2020-12-13T07:24:46.8133917Z 3099543 19138.75 19141.6 2.99 0.4006 72.62046454 49.75272585 19138.75 46.06819248 46.06819248}
2020/12/13 16:24:48 action=StreamIngestionData, {BTC_USD 2020-12-13T07:24:48.5022071Z 3099550 19136.93 19142.02 0.03 0.4006 72.57986454 49.35212585 19138.75 46.06819248 46.06819248}
2020/12/13 16:24:49 action=StreamIngestionData, {BTC_USD 2020-12-13T07:24:49.0425689Z 3099555 19136.76 19142.02 3 0.4006 72.63046454 49.75272585 19138.75 46.06819248 46.06819248}
2020/12/13 16:24:49 action=StreamIngestionData, {BTC_USD 2020-12-13T07:24:49.8756252Z 3099560 19136.76 19142.02 3 0.4006 76.61054174 49.75272585 19138.75 46.06819248 46.06819248}
2020/12/13 16:24:50 action=StreamIngestionData, {BTC_USD 2020-12-13T07:24:50.3624662Z 3099561 19136.76 19142.02 3 0.4006 76.64054174 49.75272585 19138.75 46.06819248 46.06819248}
2020/12/13 16:24:53 action=StreamIngestionData, {BTC_USD 2020-12-13T07:24:53.1627679Z 3099562 19136.76 19142.02 3 0.4006 76.64054174 46.75272585 19138.75 46.06819248 46.06819248}
2020/12/13 16:24:54 action=StreamIngestionData, {BTC_USD 2020-12-13T07:24:54.2954313Z 3099563 19136.76 19142.02 3 0.4006 76.64054174 49.75272585 19138.75 46.06819248 46.06819248}
2020/12/13 16:24:54 action=StreamIngestionData, {BTC_USD 2020-12-13T07:24:54.9431661Z 3099566 19133.38 19142.02 0.03 0.4006 73.64054174 49.75272585 19138.75 46.06819248 46.06819248}
2020/12/13 16:24:55 action=StreamIngestionData, {BTC_USD 2020-12-13T07:24:55.6019103Z 3099569 19134.07 19142.02 3 0.4006 75.49159794 49.75272585 19138.75 46.06819248 46.06819248}
2020/12/13 16:24:56 action=StreamIngestionData, {BTC_USD 2020-12-13T07:24:56.3240512Z 3099572 19134.07 19142.02 3 0.4006 76.83252104 49.20272585 19138.75 46.06819248 46.06819248}
2020/12/13 16:24:56 action=StreamIngestionData, {BTC_USD 2020-12-13T07:24:56.7553262Z 3099573 19134.07 19142.02 3 0.4006 76.83252104 49.75272585 19138.75 46.06819248 46.06819248}
2020/12/13 16:24:59 action=StreamIngestionData, {BTC_USD 2020-12-13T07:24:59.4641635Z 3099575 19134.07 19142.86 3 0.4006 76.43192104 49.35212585 19138.75 46.06819248 46.06819248}
2020/12/13 16:25:01 action=StreamIngestionData, {BTC_USD 2020-12-13T07:25:01.0841493Z 3099577 19134.07 19142.86 3 0.4006 76.83252104 49.75272585 19138.75 46.06819248 46.06819248}
2020/12/13 16:25:03 action=StreamIngestionData, {BTC_USD 2020-12-13T07:25:03.0846325Z 3099579 19134.07 19142.86 3 0.8012 76.83252104 49.75272585 19138.75 46.06819248 46.06819248}
2020/12/13 16:25:03 action=StreamIngestionData, {BTC_USD 2020-12-13T07:25:03.8083541Z 3099580 19134.07 19142.86 3 0.8012 76.43192104 49.75272585 19138.75 46.06819248 46.06819248}
2020/12/13 16:25:05 action=StreamIngestionData, {BTC_USD 2020-12-13T07:25:05.0655629Z 3099581 19134.07 19142.86 3 0.8012 76.83252104 49.75272585 19138.75 46.06819248 46.06819248}
2020/12/13 16:25:05 action=StreamIngestionData, {BTC_USD 2020-12-13T07:25:05.7108748Z 3099582 19134.07 19142.86 3 0.8012 76.43192104 49.75272585 19138.75 46.06819248 46.06819248}
2020/12/13 16:25:06 action=StreamIngestionData, {BTC_USD 2020-12-13T07:25:06.8445161Z 3099583 19134.07 19138.7 3 0.1 76.43192104 49.85272585 19138.75 46.06819248 46.06819248}
2020/12/13 16:25:17 action=StreamIngestionData, {BTC_USD 2020-12-13T07:25:17.0798589Z 3099587 19134.07 19138.7 3 0.1 76.43192104 49.85272585 19138.75 46.06819248 46.06819248}
2020/12/13 16:25:19 action=StreamIngestionData, {BTC_USD 2020-12-13T07:25:19.6676633Z 3099590 19134.07 19138.7 3 0.1 76.43192104 49.45212585 19138.75 46.06819248 46.06819248}
2020/12/13 16:25:21 action=StreamIngestionData, {BTC_USD 2020-12-13T07:25:21.1494858Z 3099592 19134.07 19138.7 3 0.1 76.83252104 49.85272585 19138.75 46.06819248 46.06819248}
2020/12/13 16:25:22 action=StreamIngestionData, {BTC_USD 2020-12-13T07:25:21.9379021Z 3099593 19134.07 19138.7 3 0.1 76.83252104 46.85272585 19138.75 46.06819248 46.06819248}
2020/12/13 16:25:23 action=StreamIngestionData, {BTC_USD 2020-12-13T07:25:22.8488716Z 3099594 19134.07 19138.7 3 0.1 76.83252104 49.85272585 19138.75 46.06819248 46.06819248}
2020/12/13 16:25:24 action=StreamIngestionData, {BTC_USD 2020-12-13T07:25:23.9630333Z 3099595 19134.07 19138.7 3 0.1 76.83252104 49.45212585 19138.75 46.06819248 46.06819248}
2020/12/13 16:25:25 action=StreamIngestionData, {BTC_USD 2020-12-13T07:25:25.2983998Z 3099598 19134.07 19138.7 3 0.1 76.83252104 49.85272585 19138.75 46.06819248 46.06819248}
2020/12/13 16:25:28 action=StreamIngestionData, {BTC_USD 2020-12-13T07:25:28.7943781Z 3099599 19134.07 19139.98 3 0.4006 76.83252104 49.75272585 19138.75 46.06819248 46.06819248}
2020/12/13 16:25:29 action=StreamIngestionData, {BTC_USD 2020-12-13T07:25:29.5155465Z 3099601 19134.07 19142.86 3 0.8012 76.43192104 49.35212585 19138.75 46.06819248 46.06819248}
2020/12/13 16:25:30 action=StreamIngestionData, {BTC_USD 2020-12-13T07:25:30.082909Z 3099603 19133.38 19142.86 0.03 0.8012 73.83252104 49.35212585 19138.75 46.06819248 46.06819248}
2020/12/13 16:25:30 action=StreamIngestionData, {BTC_USD 2020-12-13T07:25:30.6186186Z 3099605 19139.35 19139.98 3 0.4006 76.83252104 49.75272585 19138.75 46.06819248 46.06819248}
2020/12/13 16:25:32 action=StreamIngestionData, {BTC_USD 2020-12-13T07:25:32.1125947Z 3099607 19139.35 19142.86 3 0.8012 76.43192104 49.35212585 19138.75 46.06819248 46.06819248}
2020/12/13 16:25:32 action=StreamIngestionData, {BTC_USD 2020-12-13T07:25:32.6104655Z 3099609 19139.35 19142.86 3 0.4006 76.03132104 48.95152585 19138.75 46.06819248 46.06819248}
2020/12/13 16:25:33 action=StreamIngestionData, {BTC_USD 2020-12-13T07:25:33.146527Z 3099612 19139.35 19142.86 3 0.4006 76.43192104 49.75272585 19138.75 46.06819248 46.06819248}
2020/12/13 16:25:34 action=StreamIngestionData, {BTC_USD 2020-12-13T07:25:33.9985737Z 3099614 19133.38 19142.86 0.03 0.4006 73.83252104 49.75272585 19138.75 46.06819248 46.06819248}
2020/12/13 16:25:34 action=StreamIngestionData, {BTC_USD 2020-12-13T07:25:34.5779946Z 3099615 19133.38 19142.86 0.03 0.4006 73.83252104 46.75272585 19138.75 46.06819248 46.06819248}
2020/12/13 16:25:35 action=StreamIngestionData, {BTC_USD 2020-12-13T07:25:35.4264805Z 3099616 19133.95 19142.86 3 0.4006 76.83252104 46.75272585 19138.75 46.06819248 46.06819248}
2020/12/13 16:25:44 action=StreamIngestionData, {BTC_USD 2020-12-13T07:25:44.8407117Z 3099618 19133.95 19140.2 3 0.1 76.83252104 49.85272585 19138.75 46.06819248 46.06819248}
2020/12/13 16:25:45 action=StreamIngestionData, {BTC_USD 2020-12-13T07:25:45.4060302Z 3099639 19115.76 19135.86 0.4006 0.4006 71.33132104 45.68272585 19138.75 46.06819248 46.06819248}
2020/12/13 16:25:46 action=StreamIngestionData, {BTC_USD 2020-12-13T07:25:46.0830623Z 3099647 19129.04 19135.86 0.03 0.4006 71.48072104 45.83272585 19138.75 46.06819248 46.06819248}
2020/12/13 16:25:46 action=StreamIngestionData, {BTC_USD 2020-12-13T07:25:46.6633487Z 3099661 19114.77 19135.86 0.09 0.4006 72.60072104 45.43272585 19138.75 46.06819248 46.06819248}
2020/12/13 16:25:47 action=StreamIngestionData, {BTC_USD 2020-12-13T07:25:47.277589Z 3099665 19106.14 19135.86 0.4006 0.4006 72.91132104 44.63152585 19138.75 46.06819248 46.06819248}
2020/12/13 16:25:47 action=StreamIngestionData, {BTC_USD 2020-12-13T07:25:47.8113881Z 3099686 19120.73 19122.26 0.03 0.4006 72.65032314 46.48272585 19138.75 46.06819248 46.06819248}
2020/12/13 16:25:48 action=StreamIngestionData, {BTC_USD 2020-12-13T07:25:48.3450527Z 3099699 19120.73 19122.26 0.03 0.4006 73.46024594 49.85272585 19138.75 46.06819248 46.06819248}
2020/12/13 16:25:49 action=StreamIngestionData, {BTC_USD 2020-12-13T07:25:49.2470838Z 3099711 19112.11 19122.26 0.03 0.4006 73.46024594 49.15272585 19138.75 46.06819248 46.06819248}
2020/12/13 16:25:51 action=StreamIngestionData, {BTC_USD 2020-12-13T07:25:51.3372721Z 3099719 19112.11 19125.13 0.03 0.4006 73.14880774 49.45212585 19138.75 46.06819248 46.06819248}
2020/12/13 16:25:52 action=StreamIngestionData, {BTC_USD 2020-12-13T07:25:51.9849144Z 3099721 19112.11 19120.49 0.03 0.4006 73.54940774 49.85272585 19138.75 46.06819248 46.06819248}
2020/12/13 16:25:52 action=StreamIngestionData, {BTC_USD 2020-12-13T07:25:52.595598Z 3099724 19112.11 19120.49 0.03 0.4006 69.74820774 49.85272585 19138.75 46.06819248 46.06819248}
2020/12/13 16:25:53 action=StreamIngestionData, {BTC_USD 2020-12-13T07:25:53.4495404Z 3099726 19112.11 19120.49 0.03 0.4006 72.74820774 46.85272585 19138.75 46.06819248 46.06819248}
2020/12/13 16:25:54 action=StreamIngestionData, {BTC_USD 2020-12-13T07:25:54.0884187Z 3099728 19112.11 19120.49 0.03 0.4006 73.54940774 46.85272585 19138.75 46.06819248 46.06819248}
2020/12/13 16:25:55 action=StreamIngestionData, {BTC_USD 2020-12-13T07:25:54.9570231Z 3099729 19112.11 19120.49 0.03 0.4006 70.54940774 46.85272585 19138.75 46.06819248 46.06819248}
2020/12/13 16:25:55 action=StreamIngestionData, {BTC_USD 2020-12-13T07:25:55.630129Z 3099731 19112.11 19120.49 0.03 0.4006 70.54940774 46.85272585 19138.75 46.06819248 46.06819248}
2020/12/13 16:25:56 action=StreamIngestionData, {BTC_USD 2020-12-13T07:25:56.3380067Z 3099734 19112.11 19117.27 0.03 0.4006 70.54940774 46.45212585 19138.75 46.06819248 46.06819248}
2020/12/13 16:25:57 action=StreamIngestionData, {BTC_USD 2020-12-13T07:25:57.2502999Z 3099736 19113.19 19125.13 3 0.4006 73.54940774 46.05152585 19138.75 46.06819248 46.06819248}
2020/12/13 16:25:58 action=StreamIngestionData, {BTC_USD 2020-12-13T07:25:57.8404057Z 3099738 19113.19 19123.33 3 0.4006 73.54940774 49.45212585 19138.75 46.06819248 46.06819248}
2020/12/13 16:25:58 action=StreamIngestionData, {BTC_USD 2020-12-13T07:25:58.3897597Z 3099741 19113.19 19117.6 3 0.4006 73.68671124 49.85272585 19138.75 46.06819248 46.06819248}
2020/12/13 16:25:59 action=StreamIngestionData, {BTC_USD 2020-12-13T07:25:59.8378849Z 3099742 19113.19 19117.6 3 0.4006 73.53671124 49.85272585 19138.75 46.06819248 46.06819248}
2020/12/13 16:26:00 action=StreamIngestionData, {BTC_USD 2020-12-13T07:26:00.5454601Z 3099752 19113.19 19117.6 3 0.4006 71.81671124 49.48272585 19138.75 46.06819248 46.06819248}
2020/12/13 16:26:01 action=StreamIngestionData, {BTC_USD 2020-12-13T07:26:01.5052303Z 3099764 19113.19 19117.6 3 0.4006 73.57671124 49.85272585 19138.75 46.06819248 46.06819248}
2020/12/13 16:26:04 action=StreamIngestionData, {BTC_USD 2020-12-13T07:26:04.0884569Z 3099771 19100.41 19117.6 0.4006 0.4006 70.54671124 49.03272585 19138.75 46.06819248 46.06819248}
2020/12/13 16:26:04 action=StreamIngestionData, {BTC_USD 2020-12-13T07:26:04.6366116Z 3099775 19100.41 19117.6 0.4006 0.4006 70.54671124 49.05272585 19138.75 46.06819248 46.06819248}
2020/12/13 16:26:08 action=StreamIngestionData, {BTC_USD 2020-12-13T07:26:08.3919965Z 3099781 19111.32 19117.6 3 0.4006 77.56769544 49.85272585 19138.75 46.06819248 46.06819248}
2020/12/13 16:26:09 action=StreamIngestionData, {BTC_USD 2020-12-13T07:26:09.3892103Z 3099782 19111.32 19117.6 3 0.4006 77.49769544 49.85272585 19138.75 46.06819248 46.06819248}
2020/12/13 16:26:10 action=StreamIngestionData, {BTC_USD 2020-12-13T07:26:09.9673207Z 3099785 19111.32 19114.15 3 0.4006 77.56769544 49.85272585 19138.75 46.06819248 46.06819248}
2020/12/13 16:26:10 action=StreamIngestionData, {BTC_USD 2020-12-13T07:26:10.6717249Z 3099786 19111.32 19114.15 3 0.4006 77.36769544 49.85272585 19138.75 46.06819248 46.06819248}
2020/12/13 16:26:13 action=StreamIngestionData, {BTC_USD 2020-12-13T07:26:12.8928899Z 3099789 19111.32 19115.7 3 0.1 77.36769544 49.45212585 19138.75 46.06819248 46.06819248}
2020/12/13 16:26:13 action=StreamIngestionData, {BTC_USD 2020-12-13T07:26:13.5840217Z 3099791 19111.32 19115.7 3 0.1 77.29769544 46.45212585 19138.75 46.06819248 46.06819248}
2020/12/13 16:26:14 action=StreamIngestionData, {BTC_USD 2020-12-13T07:26:14.5418288Z 3099798 19111.32 19115.7 3 0.1 77.12769544 46.82272585 19138.75 46.06819248 46.06819248}
2020/12/13 16:26:15 action=StreamIngestionData, {BTC_USD 2020-12-13T07:26:15.3895591Z 3099822 19111.32 19115.7 3 0.1 76.91769544 49.76272585 19138.75 46.06819248 46.06819248}
2020/12/13 16:26:16 action=StreamIngestionData, {BTC_USD 2020-12-13T07:26:15.9682197Z 3099826 19111.32 19115.7 3 0.1 77.36769544 49.85272585 19138.75 46.06819248 46.06819248}
2020/12/13 16:26:16 action=StreamIngestionData, {BTC_USD 2020-12-13T07:26:16.5944948Z 3099839 19111.32 19115.7 3 0.1 78.96769544 51.15212585 19138.75 46.06819248 46.06819248}
2020/12/13 16:26:18 action=StreamIngestionData, {BTC_USD 2020-12-13T07:26:18.0189305Z 3099842 19111.32 19115.7 3 0.1 79.05769544 51.64272585 19138.75 46.06819248 46.06819248}
2020/12/13 16:26:21 action=StreamIngestionData, {BTC_USD 2020-12-13T07:26:20.9259008Z 3099843 19111.32 19122 3 0.4006 79.05769544 51.54272585 19138.75 46.06819248 46.06819248}
2020/12/13 16:26:21 action=StreamIngestionData, {BTC_USD 2020-12-13T07:26:21.6626195Z 3099845 19116.63 19122 3 0.4006 79.05769544 51.54272585 19138.75 46.06819248 46.06819248}
2020/12/13 16:26:22 action=StreamIngestionData, {BTC_USD 2020-12-13T07:26:22.6462109Z 3099849 19116.63 19118.76 3 0.4006 79.05769544 51.54272585 19138.75 46.06819248 46.06819248}
2020/12/13 16:26:23 action=StreamIngestionData, {BTC_USD 2020-12-13T07:26:23.6329497Z 3099878 19108.16 19118.76 0.03 0.4006 76.05769544 47.99272585 19138.75 46.06819248 46.06819248}
2020/12/13 16:26:24 action=StreamIngestionData, {BTC_USD 2020-12-13T07:26:24.7102035Z 3099883 19112.71 19114.02 3 0.4006 75.06671124 48.54272585 19138.75 46.06819248 46.06819248}
2020/12/13 16:26:29 action=StreamIngestionData, {BTC_USD 2020-12-13T07:26:29.1186347Z 3099886 19112.71 19118.76 3 0.4006 74.66611124 51.14212585 19138.75 46.06819248 46.06819248}
2020/12/13 16:26:30 action=StreamIngestionData, {BTC_USD 2020-12-13T07:26:30.782243Z 3099887 19112.71 19118.76 3 0.4006 75.06671124 51.14212585 19138.75 46.06819248 46.06819248}
2020/12/13 16:26:31 action=StreamIngestionData, {BTC_USD 2020-12-13T07:26:31.324082Z 3099888 19112.71 19118.76 3 0.4006 75.06671124 51.54272585 19138.75 46.06819248 46.06819248}
2020/12/13 16:26:36 action=StreamIngestionData, {BTC_USD 2020-12-13T07:26:36.4214098Z 3099891 19112.71 19118.76 3 0.4006 75.06671124 51.27272585 19138.75 46.06819248 46.06819248}
2020/12/13 16:26:37 action=StreamIngestionData, {BTC_USD 2020-12-13T07:26:37.1866179Z 3099914 19112.71 19118.76 3 0.4006 72.22671124 48.99272585 19138.75 46.06819248 46.06819248}
2020/12/13 16:26:39 action=StreamIngestionData, {BTC_USD 2020-12-13T07:26:39.5104602Z 3099923 19112.71 19118.76 3 0.4006 73.47671124 49.75272585 19138.75 46.06819248 46.06819248}
2020/12/13 16:26:40 action=StreamIngestionData, {BTC_USD 2020-12-13T07:26:40.8157319Z 3099925 19112.71 19123.04 3 0.4006 73.07611124 49.35212585 19138.75 46.06819248 46.06819248}
2020/12/13 16:26:41 action=StreamIngestionData, {BTC_USD 2020-12-13T07:26:41.3283968Z 3099927 19112.71 19117.31 3 0.4006 73.47671124 49.75272585 19138.75 46.06819248 46.06819248}
2020/12/13 16:26:43 action=StreamIngestionData, {BTC_USD 2020-12-13T07:26:43.0818879Z 3099928 19112.71 19117.31 3 0.4006 73.47671124 46.75272585 19138.75 46.06819248 46.06819248}
2020/12/13 16:26:43 action=StreamIngestionData, {BTC_USD 2020-12-13T07:26:43.8364472Z 3099930 19112.71 19123.04 3 0.4006 73.47671124 49.35212585 19138.75 46.06819248 46.06819248}
2020/12/13 16:26:45 action=StreamIngestionData, {BTC_USD 2020-12-13T07:26:45.4907302Z 3099934 19112.71 19120.4 3 0.1 73.47671124 49.85272585 19138.75 46.06819248 46.06819248}
2020/12/13 16:26:47 action=StreamIngestionData, {BTC_USD 2020-12-13T07:26:47.7924154Z 3099936 19112.71 19120.4 3 0.1 77.29537514 49.85272585 19138.75 46.06819248 46.06819248}
2020/12/13 16:26:48 action=StreamIngestionData, {BTC_USD 2020-12-13T07:26:48.8434423Z 3099937 19112.71 19120.4 3 0.1 77.19537514 49.85272585 19138.75 46.06819248 46.06819248}
2020/12/13 16:26:49 action=StreamIngestionData, {BTC_USD 2020-12-13T07:26:49.4454844Z 3099939 19112.71 19120.05 3 0.4006 77.19537514 49.85272585 19138.75 46.06819248 46.06819248}
2020/12/13 16:26:52 action=StreamIngestionData, {BTC_USD 2020-12-13T07:26:52.6818444Z 3099940 19112.71 19120.4 3 0.1 77.19537514 49.45212585 19138.75 46.06819248 46.06819248}
2020/12/13 16:26:53 action=StreamIngestionData, {BTC_USD 2020-12-13T07:26:53.4321779Z 3099941 19112.71 19119.6 3 0.4006 77.19537514 49.85272585 19138.75 46.06819248 46.06819248}
2020/12/13 16:26:55 action=StreamIngestionData, {BTC_USD 2020-12-13T07:26:55.4131447Z 3099942 19112.71 19119.6 3 0.4006 76.79477514 49.85272585 19138.75 46.06819248 46.06819248}
2020/12/13 16:26:56 action=StreamIngestionData, {BTC_USD 2020-12-13T07:26:56.1737435Z 3099950 19108.16 19119.6 0.03 0.4006 74.10537514 46.10272585 19138.75 46.06819248 46.06819248}
2020/12/13 16:26:56 action=StreamIngestionData, {BTC_USD 2020-12-13T07:26:56.7709398Z 3099963 19107.12 19119.6 0.4006 0.4006 72.81537514 46.06272585 19138.75 46.06819248 46.06819248}
2020/12/13 16:26:57 action=StreamIngestionData, {BTC_USD 2020-12-13T07:26:57.488271Z 3099971 19119.14 19119.6 3 0.4006 76.81537514 49.22272585 19138.75 46.06819248 46.06819248}
2020/12/13 16:26:59 action=StreamIngestionData, {BTC_USD 2020-12-13T07:26:58.9547763Z 3099981 19115.53 19119.6 3 0.4006 77.16537514 49.40272585 19138.75 46.06819248 46.06819248}
2020/12/13 16:26:59 action=StreamIngestionData, {BTC_USD 2020-12-13T07:26:59.567538Z 3099994 19115.53 19119.6 3 0.4006 75.56537514 49.06272585 19138.75 46.06819248 46.06819248}
2020/12/13 16:27:00 action=StreamIngestionData, {BTC_USD 2020-12-13T07:27:00.4273964Z 3100006 19115.53 19119.6 3 0.4006 76.64537514 49.85272585 19138.75 46.06819248 46.06819248}
2020/12/13 16:27:20 connecting to wss://ws.lightstream.bitflyer.com/json-rpc
2020/12/13 16:27:21 action=StreamIngestionData, {BTC_USD 2020-12-13T07:27:21.6770547Z 3100066 19110.51 19114.75 3 0.4006 73.49671124 49.75272585 19138.75 46.06819248 46.06819248}
2020/12/13 16:27:23 action=StreamIngestionData, {BTC_USD 2020-12-13T07:27:23.3808871Z 3100067 19110.51 19119.6 3 0.4006 73.49671124 49.35212585 19138.75 46.06819248 46.06819248}
2020/12/13 16:27:25 action=StreamIngestionData, {BTC_USD 2020-12-13T07:27:25.7433118Z 3100069 19110.51 19116.63 3 0.4006 73.49671124 49.85272585 19138.75 46.06819248 46.06819248}
2020/12/13 16:27:27 action=StreamIngestionData, {BTC_USD 2020-12-13T07:27:27.3497223Z 3100070 19102.55 19116.63 0.03 0.4006 70.49671124 49.85272585 19138.75 46.06819248 46.06819248}
2020/12/13 16:27:28 action=StreamIngestionData, {BTC_USD 2020-12-13T07:27:28.3982847Z 3100074 19102.55 19111.49 0.03 0.4006 70.09611124 46.85272585 19138.75 46.06819248 46.06819248}
2020/12/13 16:27:29 action=StreamIngestionData, {BTC_USD 2020-12-13T07:27:28.9725411Z 3100077 19102.55 19111.49 0.03 0.4006 69.29491124 46.70272585 19138.75 46.06819248 46.06819248}
2020/12/13 16:27:29 action=StreamIngestionData, {BTC_USD 2020-12-13T07:27:29.4456063Z 3100091 19096.66 19111.49 3 0.4006 70.77491124 45.41272585 19138.75 46.06819248 46.06819248}
2020/12/13 16:27:30 action=StreamIngestionData, {BTC_USD 2020-12-13T07:27:30.194402Z 3100112 19096.66 19105.39 3 0.4006 72.71671124 46.40272585 19138.75 46.06819248 46.06819248}
2020/12/13 16:27:31 action=StreamIngestionData, {BTC_USD 2020-12-13T07:27:31.0697175Z 3100120 19098.19 19111.12 0.03 0.4006 73.49671124 46.05152585 19138.75 46.06819248 46.06819248}
2020/12/13 16:27:31 action=StreamIngestionData, {BTC_USD 2020-12-13T07:27:31.715642Z 3100126 19098.19 19111.12 0.03 0.4006 73.49671124 46.85272585 19138.75 46.06819248 46.06819248}
2020/12/13 16:28:14 connecting to wss://ws.lightstream.bitflyer.com/json-rpc
2020/12/13 16:28:15 action=StreamIngestionData, {BTC_USD 2020-12-13T07:28:15.3372725Z 3100349 19097.36 19101.49 3 0.4006 73.15887224 49.86833585 19138.75 46.06819248 46.06819248}
2020/12/13 17:05:18 connecting to wss://ws.lightstream.bitflyer.com/json-rpc
2020/12/13 17:05:19 action=StreamIngestionData, {BTC_USD 2020-12-13T08:05:19.3322786Z 3115321 19267.26 19279.77 0.03 0.4006 75.96714474 49.49280625 19278.9 52.45984868 52.45984868}
2020/12/13 17:05:20 action=StreamIngestionData, {BTC_USD 2020-12-13T08:05:20.2124033Z 3115323 19267.26 19279.77 0.03 0.4006 75.56654474 46.49280625 19278.9 52.45984868 52.45984868}
2020/12/13 17:05:21 action=StreamIngestionData, {BTC_USD 2020-12-13T08:05:21.287275Z 3115332 19267.26 19279.77 0.03 0.4006 75.12654474 45.35280625 19278.9 52.45984868 52.45984868}
2020/12/13 17:05:22 action=StreamIngestionData, {BTC_USD 2020-12-13T08:05:21.9509156Z 3115353 19267.26 19279.77 0.03 0.4006 75.81714474 46.49280625 19278.9 52.45984868 52.45984868}
2020/12/13 17:05:22 action=StreamIngestionData, {BTC_USD 2020-12-13T08:05:22.7682537Z 3115356 19267.26 19279.77 0.03 0.4006 75.96714474 46.49280625 19278.9 52.45984868 52.45984868}
2020/12/13 17:05:23 action=StreamIngestionData, {BTC_USD 2020-12-13T08:05:23.2863087Z 3115358 19267.26 19279.77 0.03 0.4006 75.76714474 49.49280625 19278.9 52.45984868 52.45984868}
2020/12/13 17:05:24 action=StreamIngestionData, {BTC_USD 2020-12-13T08:05:24.1519569Z 3115364 19260.65 19274.66 3 0.4006 75.69714474 49.49280625 19278.9 52.45984868 52.45984868}
2020/12/13 17:05:24 action=StreamIngestionData, {BTC_USD 2020-12-13T08:05:24.7366144Z 3115367 19263.37 19274.66 0.03 0.4006 72.97714474 49.49280625 19278.9 52.45984868 52.45984868}
2020/12/13 17:05:25 action=StreamIngestionData, {BTC_USD 2020-12-13T08:05:25.6310873Z 3115383 19263.37 19274.66 0.03 0.4006 74.06654474 47.70280625 19278.9 52.45984868 52.45984868}
2020/12/13 17:05:26 action=StreamIngestionData, {BTC_USD 2020-12-13T08:05:26.5433555Z 3115403 19263.37 19274.66 0.03 0.4006 72.97714474 46.09220625 19278.9 52.45984868 52.45984868}
2020/12/13 17:05:27 action=StreamIngestionData, {BTC_USD 2020-12-13T08:05:27.1886862Z 3115406 19263.37 19274.66 0.03 0.4006 72.97714474 46.00220625 19278.9 52.45984868 52.45984868}
2020/12/13 17:05:27 action=StreamIngestionData, {BTC_USD 2020-12-13T08:05:27.7078425Z 3115407 19263.37 19274.66 0.03 0.4006 72.97714474 46.09220625 19278.9 52.45884868 52.45884868}
2020/12/13 17:05:28 action=StreamIngestionData, {BTC_USD 2020-12-13T08:05:28.4148358Z 3115411 19257.51 19270.65 0.4006 0.4006 75.94714474 49.49280625 19278.9 52.45884868 52.45884868}
2020/12/13 17:05:29 action=StreamIngestionData, {BTC_USD 2020-12-13T08:05:28.9677639Z 3115414 19259.86 19270.65 0.03 0.4006 71.95307514 49.49280625 19278.9 52.45884868 52.45884868}
2020/12/13 17:05:29 action=StreamIngestionData, {BTC_USD 2020-12-13T08:05:29.4846384Z 3115416 19257.51 19270.65 0.4006 0.4006 72.64925134 49.49280625 19278.9 52.45884868 52.45884868}
2020/12/13 17:05:30 action=StreamIngestionData, {BTC_USD 2020-12-13T08:05:30.2550732Z 3115417 19257.51 19270.65 0.4006 0.4006 75.64925134 49.49280625 19278.9 52.45884868 52.45884868}
2020/12/13 17:05:30 action=StreamIngestionData, {BTC_USD 2020-12-13T08:05:30.7763302Z 3115419 19261.21 19270.65 0.03 0.4006 75.42925134 49.49280625 19278.9 52.45884868 52.45884868}
2020/12/13 17:05:32 action=StreamIngestionData, {BTC_USD 2020-12-13T08:05:32.0831577Z 3115421 19261.21 19270.65 0.03 0.4006 75.67925134 49.40280625 19278.9 52.45884868 52.45884868}
2020/12/13 17:05:32 action=StreamIngestionData, {BTC_USD 2020-12-13T08:05:32.4870417Z 3115422 19261.21 19270.65 0.03 0.4006 75.67925134 49.49280625 19278.9 52.45884868 52.45884868}
2020/12/13 17:05:34 action=StreamIngestionData, {BTC_USD 2020-12-13T08:05:33.9426594Z 3115427 19261.21 19274.66 0.03 0.4006 75.66925134 49.49280625 19278.9 52.45884868 52.45884868}
2020/12/13 17:05:35 action=StreamIngestionData, {BTC_USD 2020-12-13T08:05:34.9581815Z 3115432 19261.21 19274.66 0.03 0.4006 72.21925134 46.31280625 19278.9 52.45884868 52.45884868}
2020/12/13 17:05:35 action=StreamIngestionData, {BTC_USD 2020-12-13T08:05:35.9006649Z 3115448 19261.21 19274.66 0.03 0.4006 72.37925134 45.39280625 19278.9 52.45884868 52.45884868}
2020/12/13 17:05:36 action=StreamIngestionData, {BTC_USD 2020-12-13T08:05:36.5616363Z 3115464 19258.82 19272.19 3 0.4006 75.26865134 46.09220625 19278.9 52.45884868 52.45884868}
2020/12/13 17:05:37 action=StreamIngestionData, {BTC_USD 2020-12-13T08:05:37.0819656Z 3115470 19258.82 19270.83 3 3 74.58805134 48.60160625 19278.9 52.45884868 52.45884868}
2020/12/13 17:05:37 action=StreamIngestionData, {BTC_USD 2020-12-13T08:05:37.6831029Z 3115483 19258.82 19270.83 3 3 75.79805134 50.32160625 19278.9 52.45884868 52.45884868}
2020/12/13 17:05:39 action=StreamIngestionData, {BTC_USD 2020-12-13T08:05:39.0262008Z 3115494 19253.39 19264.84 0.03 0.4006 74.17925134 48.19280625 19278.9 52.45884868 52.45884868}
2020/12/13 17:05:39 action=StreamIngestionData, {BTC_USD 2020-12-13T08:05:39.6737868Z 3115498 19244.98 19264.84 0.4006 0.4006 75.60855374 51.19280625 19278.9 52.45884868 52.45884868}
2020/12/13 17:05:40 action=StreamIngestionData, {BTC_USD 2020-12-13T08:05:40.6035032Z 3115503 19248.08 19264.84 0.4006 0.4006 78.60855374 51.19280625 19278.9 52.45884868 52.45884868}
2020/12/13 17:05:41 action=StreamIngestionData, {BTC_USD 2020-12-13T08:05:41.2896922Z 3115516 19250.46 19264.84 0.03 0.4006 76.56795374 50.17280625 19278.9 52.45884868 52.45884868}
2020/12/13 17:05:41 action=StreamIngestionData, {BTC_USD 2020-12-13T08:05:41.9059613Z 3115537 19250.46 19264.84 0.03 0.4006 74.08735374 47.14160625 19278.9 52.45884868 52.45884868}
2020/12/13 17:05:42 action=StreamIngestionData, {BTC_USD 2020-12-13T08:05:42.3998245Z 3115549 19242.1 19256.46 0.4006 0.4006 75.71745824 47.94280625 19278.9 52.45884868 52.45884868}
2020/12/13 17:05:43 action=StreamIngestionData, {BTC_USD 2020-12-13T08:05:42.9464903Z 3115552 19245.86 19256.46 0.03 0.4006 78.74745824 48.19280625 19278.9 52.45884868 52.45884868}
2020/12/13 17:05:43 action=StreamIngestionData, {BTC_USD 2020-12-13T08:05:43.7697497Z 3115569 19245.86 19256.46 0.03 0.4006 78.00745824 49.65280625 19278.9 52.45884868 52.45884868}
2020/12/13 17:05:44 action=StreamIngestionData, {BTC_USD 2020-12-13T08:05:44.5099509Z 3115584 19245.86 19256.46 0.03 0.4006 75.54685824 48.04280625 19278.9 52.45884868 52.45884868}
2020/12/13 17:05:45 action=StreamIngestionData, {BTC_USD 2020-12-13T08:05:45.2585403Z 3115586 19245.86 19262.23 0.03 0.4006 75.54685824 47.79220625 19278.9 52.45884868 52.45884868}
2020/12/13 17:05:45 action=StreamIngestionData, {BTC_USD 2020-12-13T08:05:45.8255805Z 3115588 19253.86 19262.23 3 0.4006 78.54685824 47.39160625 19278.9 52.45884868 52.45884868}
2020/12/13 17:05:46 action=StreamIngestionData, {BTC_USD 2020-12-13T08:05:46.5780786Z 3115594 19245.86 19260.23 0.03 0.4006 75.54685824 47.79220625 19278.9 52.45884868 52.45884868}
2020/12/13 17:05:47 action=StreamIngestionData, {BTC_USD 2020-12-13T08:05:47.8928621Z 3115595 19245.86 19255.38 0.03 0.4006 75.54685824 48.19280625 19278.9 52.45884868 52.45884868}
2020/12/13 17:05:49 action=StreamIngestionData, {BTC_USD 2020-12-13T08:05:49.1771675Z 3115600 19243.05 19260.23 3 0.4006 78.91745824 50.79220625 19278.9 52.45884868 52.45884868}
2020/12/13 17:05:49 action=StreamIngestionData, {BTC_USD 2020-12-13T08:05:49.8212175Z 3115602 19244.81 19260.23 0.03 0.4006 79.04745824 50.79220625 19278.9 52.45884868 52.45884868}
2020/12/13 17:05:52 action=StreamIngestionData, {BTC_USD 2020-12-13T08:05:51.9913827Z 3115609 19244.81 19251.25 0.03 0.4006 79.04745824 51.19280625 19278.9 52.45884868 52.45884868}
2020/12/13 17:05:53 action=StreamIngestionData, {BTC_USD 2020-12-13T08:05:53.0397155Z 3115614 19244.81 19251.25 0.03 0.4006 75.84544274 51.19280625 19278.9 52.45884868 52.45884868}
2020/12/13 17:05:53 action=StreamIngestionData, {BTC_USD 2020-12-13T08:05:53.6356493Z 3115617 19244.81 19251.25 0.03 0.4006 75.64544274 47.94280625 19278.9 52.45884868 52.45884868}
2020/12/13 17:05:54 action=StreamIngestionData, {BTC_USD 2020-12-13T08:05:54.2573088Z 3115627 19240.55 19251.25 0.09 0.4006 78.10484274 48.07280625 19278.9 52.45884868 52.45884868}
2020/12/13 17:05:55 action=StreamIngestionData, {BTC_USD 2020-12-13T08:05:54.9768765Z 3115647 19240.55 19251.25 0.09 0.4006 73.46364274 47.61280625 19278.9 52.45884868 52.45884868}
2020/12/13 17:05:55 action=StreamIngestionData, {BTC_USD 2020-12-13T08:05:55.4299977Z 3115655 19240.55 19251.25 0.09 0.4006 74.44364274 48.22280625 19278.9 52.45884868 52.45884868}
2020/12/13 17:05:56 action=StreamIngestionData, {BTC_USD 2020-12-13T08:05:56.0082287Z 3115667 19240.55 19251.25 0.09 0.4006 75.53544274 48.12280625 19278.9 52.45884868 52.45884868}
